[INFO] 2022-11-19 21:31:18,460 - #####################################################
[INFO] 2022-11-19 21:31:18,460 - Script to spawn VM.Standard.A1.Flex instance
[INFO] 2022-11-19 21:31:18,461 - Start spawning instance VM.Standard.A1.Flex - 2 ocpus - 12 GB
[INFO] 2022-11-19 21:31:18,461 - Loading OCI config
[INFO] 2022-11-19 21:31:18,462 - Initialize service client with default config file
[INFO] 2022-11-19 21:31:24,744 - #####################################################
[INFO] 2022-11-19 21:31:24,744 - Script to spawn VM.Standard.A1.Flex instance
[INFO] 2022-11-19 21:31:24,744 - Start spawning instance VM.Standard.A1.Flex - 2 ocpus - 12 GB
[INFO] 2022-11-19 21:31:24,745 - Loading OCI config
[INFO] 2022-11-19 21:31:24,745 - Initialize service client with default config file
[INFO] 2022-11-19 21:31:27,293 - #####################################################
[INFO] 2022-11-19 21:31:27,294 - Script to spawn VM.Standard.A1.Flex instance
[INFO] 2022-11-19 21:31:27,294 - Start spawning instance VM.Standard.A1.Flex - 2 ocpus - 12 GB
[INFO] 2022-11-19 21:31:27,294 - Loading OCI config
[INFO] 2022-11-19 21:31:27,295 - Initialize service client with default config file
[INFO] 2022-11-19 21:31:30,586 - #####################################################
[INFO] 2022-11-19 21:31:30,587 - Script to spawn VM.Standard.A1.Flex instance
[INFO] 2022-11-19 21:31:30,587 - Start spawning instance VM.Standard.A1.Flex - 2 ocpus - 12 GB
[INFO] 2022-11-19 21:31:30,587 - Loading OCI config
[INFO] 2022-11-19 21:31:30,588 - Initialize service client with default config file
[INFO] 2022-11-19 21:31:33,316 - #####################################################
[INFO] 2022-11-19 21:31:33,316 - Script to spawn VM.Standard.A1.Flex instance
[INFO] 2022-11-19 21:31:33,317 - Start spawning instance VM.Standard.A1.Flex - 2 ocpus - 12 GB
[INFO] 2022-11-19 21:31:33,317 - Loading OCI config
[INFO] 2022-11-19 21:31:33,317 - Initialize service client with default config file
[INFO] 2022-11-19 21:31:35,863 - #####################################################
[INFO] 2022-11-19 21:31:35,863 - Script to spawn VM.Standard.A1.Flex instance
[INFO] 2022-11-19 21:31:35,864 - Start spawning instance VM.Standard.A1.Flex - 2 ocpus - 12 GB
[INFO] 2022-11-19 21:31:35,864 - Loading OCI config
[INFO] 2022-11-19 21:31:35,864 - Initialize service client with default config file
[INFO] 2022-11-19 21:31:39,587 - #####################################################
[INFO] 2022-11-19 21:31:39,588 - Script to spawn VM.Standard.A1.Flex instance
[INFO] 2022-11-19 21:31:39,588 - Start spawning instance VM.Standard.A1.Flex - 2 ocpus - 12 GB
[INFO] 2022-11-19 21:31:39,588 - Loading OCI config
[INFO] 2022-11-19 21:31:39,589 - Initialize service client with default config file
